Fri Oct 10 07:28:34 AM CEST 2025: Installation started
Fri Oct 10 07:28:34 AM CEST 2025: Original user is manu
Fri Oct 10 07:28:34 AM CEST 2025: Arch Linux detected. Installation proceeding.
Fri Oct 10 07:28:35 AM CEST 2025: Operation cancelled by user.
Fri Oct 10 07:28:36 AM CEST 2025: Operation cancelled by user.
Fri Oct 10 07:28:37 AM CEST 2025: Operation cancelled by user.
Fri Oct 10 07:28:38 AM CEST 2025: Operation accepted by user.
Fri Oct 10 07:28:38 AM CEST 2025: Installation started for theming + services setup
Fri Oct 10 07:28:38 AM CEST 2025: Attempting to run: Install Qt5/Qt6 and Kvantum theme engines
Fri Oct 10 07:28:39 AM CEST 2025: Operation cancelled by user.
Fri Oct 10 07:28:39 AM CEST 2025: Install Qt5/Qt6 and Kvantum theme engines was skipped by user choice.
Fri Oct 10 07:28:39 AM CEST 2025: Attempting to run: Install Catppuccin Dark BL MB GTK theme
Fri Oct 10 07:28:39 AM CEST 2025: Operation cancelled by user.
Fri Oct 10 07:28:39 AM CEST 2025: Install Catppuccin Dark BL MB GTK theme was skipped by user choice.
Fri Oct 10 07:28:39 AM CEST 2025: Attempting to run: Install Catppuccin Hyprcursor
Fri Oct 10 07:28:39 AM CEST 2025: Operation cancelled by user.
Fri Oct 10 07:28:39 AM CEST 2025: Install Catppuccin Hyprcursor was skipped by user choice.
Fri Oct 10 07:28:39 AM CEST 2025: Attempting to run: Papirus Icons Theme
Fri Oct 10 07:28:39 AM CEST 2025: Operation cancelled by user.
Fri Oct 10 07:28:39 AM CEST 2025: Papirus Icons Theme was skipped by user choice.
Fri Oct 10 07:28:39 AM CEST 2025: Attempting to run: Clone Papirus-folders
Fri Oct 10 07:28:39 AM CEST 2025: Operation cancelled by user.
Fri Oct 10 07:28:39 AM CEST 2025: Clone Papirus-folders was skipped by user choice.
Fri Oct 10 07:28:39 AM CEST 2025: Attempting to run: Catppuccin Mocha Papirus
Fri Oct 10 07:28:40 AM CEST 2025: Operation cancelled by user.
Fri Oct 10 07:28:40 AM CEST 2025: Catppuccin Mocha Papirus was skipped by user choice.
Fri Oct 10 07:28:40 AM CEST 2025: Attempting to run: Chown
Fri Oct 10 07:28:40 AM CEST 2025: Operation cancelled by user.
Fri Oct 10 07:28:40 AM CEST 2025: Chown was skipped by user choice.
Fri Oct 10 07:28:40 AM CEST 2025: Attempting to run: Catppuccin Mocha Blue
Fri Oct 10 07:28:41 AM CEST 2025: Operation cancelled by user.
Fri Oct 10 07:28:41 AM CEST 2025: Catppuccin Mocha Blue was skipped by user choice.
Fri Oct 10 07:28:41 AM CEST 2025: Attempting to run: Create Cat directory
Fri Oct 10 07:28:42 AM CEST 2025: Operation cancelled by user.
Fri Oct 10 07:28:42 AM CEST 2025: Create Cat directory was skipped by user choice.
Fri Oct 10 07:28:42 AM CEST 2025: Attempting to run: Copy Cat folder for Kvantum
Fri Oct 10 07:28:42 AM CEST 2025: Operation cancelled by user.
Fri Oct 10 07:28:42 AM CEST 2025: Copy Cat folder for Kvantum was skipped by user choice.
Fri Oct 10 07:28:42 AM CEST 2025: Attempting to run: Set corrent ownership
Fri Oct 10 07:28:43 AM CEST 2025: Operation cancelled by user.
Fri Oct 10 07:28:43 AM CEST 2025: Set corrent ownership was skipped by user choice.
Fri Oct 10 07:28:43 AM CEST 2025: Attempting to run: Refresh font cache
Fri Oct 10 07:28:45 AM CEST 2025: Operation cancelled by user.
Fri Oct 10 07:28:45 AM CEST 2025: Refresh font cache was skipped by user choice.
Fri Oct 10 07:28:45 AM CEST 2025: Attempting to run: Rebuild bat syntax highlighting cache
Fri Oct 10 07:28:47 AM CEST 2025: Operation cancelled by user.
Fri Oct 10 07:28:47 AM CEST 2025: Rebuild bat syntax highlighting cache was skipped by user choice.
Fri Oct 10 07:28:47 AM CEST 2025: Attempting to run: Set UFW default policy: deny incoming
Fri Oct 10 07:28:48 AM CEST 2025: Operation cancelled by user.
Fri Oct 10 07:28:48 AM CEST 2025: Set UFW default policy: deny incoming was skipped by user choice.
Fri Oct 10 07:28:48 AM CEST 2025: Attempting to run: Set UFW default policy: allow outgoing
Fri Oct 10 07:28:49 AM CEST 2025: Operation cancelled by user.
Fri Oct 10 07:28:49 AM CEST 2025: Set UFW default policy: allow outgoing was skipped by user choice.
Fri Oct 10 07:28:49 AM CEST 2025: Attempting to run: Enable UFW firewall
Fri Oct 10 07:28:49 AM CEST 2025: Operation cancelled by user.
Fri Oct 10 07:28:49 AM CEST 2025: Enable UFW firewall was skipped by user choice.
Fri Oct 10 07:28:49 AM CEST 2025: Attempting to run: Enable UFW to start on boot
Fri Oct 10 07:28:49 AM CEST 2025: Operation cancelled by user.
Fri Oct 10 07:28:49 AM CEST 2025: Enable UFW to start on boot was skipped by user choice.
Fri Oct 10 07:28:49 AM CEST 2025: Attempting to run: Set default shell to zsh for user manu
Fri Oct 10 07:28:50 AM CEST 2025: Operation cancelled by user.
Fri Oct 10 07:28:50 AM CEST 2025: Set default shell to zsh for user manu was skipped by user choice.
Fri Oct 10 07:28:50 AM CEST 2025: Attempting to run: Install Oh My Zsh for user manu
Fri Oct 10 07:28:50 AM CEST 2025: Operation cancelled by user.
Fri Oct 10 07:28:50 AM CEST 2025: Install Oh My Zsh for user manu was skipped by user choice.
Fri Oct 10 07:28:50 AM CEST 2025: Attempting to run: Clone LazyVim starter
Fri Oct 10 07:28:51 AM CEST 2025: Operation cancelled by user.
Fri Oct 10 07:28:51 AM CEST 2025: Clone LazyVim starter was skipped by user choice.
Fri Oct 10 07:28:51 AM CEST 2025: Attempting to run: Remove Git folder from LazyVim config
Fri Oct 10 07:28:52 AM CEST 2025: Operation cancelled by user.
Fri Oct 10 07:28:52 AM CEST 2025: Remove Git folder from LazyVim config was skipped by user choice.
Fri Oct 10 07:28:52 AM CEST 2025: Attempting to run: Set correct ownership for Neovim config
Fri Oct 10 07:28:52 AM CEST 2025: Operation cancelled by user.
Fri Oct 10 07:28:52 AM CEST 2025: Set correct ownership for Neovim config was skipped by user choice.
Fri Oct 10 07:28:52 AM CEST 2025: Attempting to run: Copy pacman.conf to /etc for manu user
Fri Oct 10 07:28:53 AM CEST 2025: Operation cancelled by user.
Fri Oct 10 07:28:53 AM CEST 2025: Copy pacman.conf to /etc for manu user was skipped by user choice.
Fri Oct 10 07:28:53 AM CEST 2025: Attempting to run: Create TT1 directory
Fri Oct 10 07:28:54 AM CEST 2025: Operation cancelled by user.
Fri Oct 10 07:28:54 AM CEST 2025: Create TT1 directory was skipped by user choice.
Fri Oct 10 07:28:54 AM CEST 2025: Attempting to run: Copy override.conf
Fri Oct 10 07:28:55 AM CEST 2025: Operation cancelled by user.
Fri Oct 10 07:28:55 AM CEST 2025: Copy override.conf was skipped by user choice.
Fri Oct 10 07:28:55 AM CEST 2025: Attempting to run: Copy zprofile configuration
Fri Oct 10 07:28:55 AM CEST 2025: Operation cancelled by user.
Fri Oct 10 07:28:55 AM CEST 2025: Copy zprofile configuration was skipped by user choice.
Fri Oct 10 07:28:55 AM CEST 2025: Attempting to run: Copy Starship configuration
Fri Oct 10 07:28:56 AM CEST 2025: Operation cancelled by user.
Fri Oct 10 07:28:56 AM CEST 2025: Copy Starship configuration was skipped by user choice.
Fri Oct 10 07:28:56 AM CEST 2025: Attempting to run: Copy Chromium flags configuration
Fri Oct 10 07:28:58 AM CEST 2025: Operation cancelled by user.
Fri Oct 10 07:28:58 AM CEST 2025: Copy Chromium flags configuration was skipped by user choice.
Fri Oct 10 07:28:58 AM CEST 2025: Attempting to run: Create wallpapers directory
Fri Oct 10 07:28:58 AM CEST 2025: Operation cancelled by user.
Fri Oct 10 07:28:58 AM CEST 2025: Create wallpapers directory was skipped by user choice.
Fri Oct 10 07:28:58 AM CEST 2025: Attempting to run: Copy the wallpaper to wallpapers directory
Fri Oct 10 07:28:59 AM CEST 2025: Operation cancelled by user.
Fri Oct 10 07:28:59 AM CEST 2025: Copy the wallpaper to wallpapers directory was skipped by user choice.
Fri Oct 10 07:28:59 AM CEST 2025: Attempting to run: Set correct ownership for wallpapers directory
Fri Oct 10 07:28:59 AM CEST 2025: Operation cancelled by user.
Fri Oct 10 07:28:59 AM CEST 2025: Set correct ownership for wallpapers directory was skipped by user choice.
Fri Oct 10 07:28:59 AM CEST 2025: Attempting to run: Create a .cache
Fri Oct 10 07:29:01 AM CEST 2025: Operation cancelled by user.
Fri Oct 10 07:29:01 AM CEST 2025: Create a .cache was skipped by user choice.
Fri Oct 10 07:29:01 AM CEST 2025: Attempting to run: Copy swww cache folder for wallpaper
Fri Oct 10 07:29:01 AM CEST 2025: Operation cancelled by user.
Fri Oct 10 07:29:01 AM CEST 2025: Copy swww cache folder for wallpaper was skipped by user choice.
Fri Oct 10 07:29:01 AM CEST 2025: Attempting to run: Set correct ownership on swww folder
Fri Oct 10 07:29:02 AM CEST 2025: Operation cancelled by user.
Fri Oct 10 07:29:02 AM CEST 2025: Set correct ownership on swww folder was skipped by user choice.
Fri Oct 10 07:29:02 AM CEST 2025: Attempting to run: Setup and enable reflector timer
Fri Oct 10 07:29:09 AM CEST 2025: Operation accepted by user.
Fri Oct 10 07:29:12 AM CEST 2025: Setup and enable reflector timer completed successfully.
Fri Oct 10 07:29:12 AM CEST 2025: Attempting to run: Configure modules (BTRFS + Nvidia) and regenerate initramfs
Fri Oct 10 07:29:16 AM CEST 2025: Operation accepted by user.
Fri Oct 10 07:29:39 AM CEST 2025: Configure modules (BTRFS + Nvidia) and regenerate initramfs completed successfully.
Fri Oct 10 07:29:39 AM CEST 2025: Attempting to run: Enable NVIDIA Modeset (KMS) for Wayland
Fri Oct 10 07:29:49 AM CEST 2025: Operation accepted by user.
Fri Oct 10 07:29:51 AM CEST 2025: Enable NVIDIA Modeset (KMS) for Wayland completed successfully.
Fri Oct 10 07:29:56 AM CEST 2025: Operation accepted by user.
Fri Oct 10 07:29:56 AM CEST 2025: Final setup script started
Fri Oct 10 07:29:56 AM CEST 2025: Installation completed successfully
Fri Oct 10 08:29:29 AM CEST 2025: Installation started
Fri Oct 10 08:29:29 AM CEST 2025: Original user is manu
Fri Oct 10 08:29:29 AM CEST 2025: Arch Linux detected. Installation proceeding.
Fri Oct 10 08:29:30 AM CEST 2025: Operation cancelled by user.
Fri Oct 10 08:29:30 AM CEST 2025: Operation cancelled by user.
Fri Oct 10 08:29:31 AM CEST 2025: Operation cancelled by user.
Fri Oct 10 08:29:32 AM CEST 2025: Operation accepted by user.
Fri Oct 10 08:29:32 AM CEST 2025: Installation started for theming + services setup
Fri Oct 10 08:29:32 AM CEST 2025: Attempting to run: Install Qt5/Qt6 and Kvantum theme engines
Fri Oct 10 08:29:33 AM CEST 2025: Operation cancelled by user.
Fri Oct 10 08:29:33 AM CEST 2025: Install Qt5/Qt6 and Kvantum theme engines was skipped by user choice.
Fri Oct 10 08:29:33 AM CEST 2025: Attempting to run: Install Catppuccin Dark BL MB GTK theme
Fri Oct 10 08:29:33 AM CEST 2025: Operation cancelled by user.
Fri Oct 10 08:29:33 AM CEST 2025: Install Catppuccin Dark BL MB GTK theme was skipped by user choice.
Fri Oct 10 08:29:33 AM CEST 2025: Attempting to run: Install Catppuccin Hyprcursor
Fri Oct 10 08:29:33 AM CEST 2025: Operation cancelled by user.
Fri Oct 10 08:29:33 AM CEST 2025: Install Catppuccin Hyprcursor was skipped by user choice.
Fri Oct 10 08:29:33 AM CEST 2025: Attempting to run: Papirus Icons Theme
Fri Oct 10 08:29:34 AM CEST 2025: Operation cancelled by user.
Fri Oct 10 08:29:34 AM CEST 2025: Papirus Icons Theme was skipped by user choice.
Fri Oct 10 08:29:34 AM CEST 2025: Attempting to run: Clone Papirus-folders
Fri Oct 10 08:29:34 AM CEST 2025: Operation cancelled by user.
Fri Oct 10 08:29:34 AM CEST 2025: Clone Papirus-folders was skipped by user choice.
Fri Oct 10 08:29:34 AM CEST 2025: Attempting to run: Catppuccin Mocha Papirus
Fri Oct 10 08:29:34 AM CEST 2025: Operation cancelled by user.
Fri Oct 10 08:29:34 AM CEST 2025: Catppuccin Mocha Papirus was skipped by user choice.
Fri Oct 10 08:29:34 AM CEST 2025: Attempting to run: Chown
Fri Oct 10 08:29:34 AM CEST 2025: Operation cancelled by user.
Fri Oct 10 08:29:34 AM CEST 2025: Chown was skipped by user choice.
Fri Oct 10 08:29:34 AM CEST 2025: Attempting to run: Catppuccin Mocha Blue
Fri Oct 10 08:29:34 AM CEST 2025: Operation cancelled by user.
Fri Oct 10 08:29:34 AM CEST 2025: Catppuccin Mocha Blue was skipped by user choice.
Fri Oct 10 08:29:34 AM CEST 2025: Attempting to run: Create Cat directory
Fri Oct 10 08:29:34 AM CEST 2025: Operation cancelled by user.
Fri Oct 10 08:29:34 AM CEST 2025: Create Cat directory was skipped by user choice.
Fri Oct 10 08:29:34 AM CEST 2025: Attempting to run: Copy Cat folder for Kvantum
Fri Oct 10 08:29:34 AM CEST 2025: Operation cancelled by user.
Fri Oct 10 08:29:34 AM CEST 2025: Copy Cat folder for Kvantum was skipped by user choice.
Fri Oct 10 08:29:34 AM CEST 2025: Attempting to run: Set corrent ownership
Fri Oct 10 08:29:34 AM CEST 2025: Operation cancelled by user.
Fri Oct 10 08:29:34 AM CEST 2025: Set corrent ownership was skipped by user choice.
Fri Oct 10 08:29:34 AM CEST 2025: Attempting to run: Refresh font cache
Fri Oct 10 08:29:34 AM CEST 2025: Operation cancelled by user.
Fri Oct 10 08:29:34 AM CEST 2025: Refresh font cache was skipped by user choice.
Fri Oct 10 08:29:34 AM CEST 2025: Attempting to run: Rebuild bat syntax highlighting cache
Fri Oct 10 08:29:34 AM CEST 2025: Operation cancelled by user.
Fri Oct 10 08:29:34 AM CEST 2025: Rebuild bat syntax highlighting cache was skipped by user choice.
Fri Oct 10 08:29:35 AM CEST 2025: Attempting to run: Set UFW default policy: deny incoming
Fri Oct 10 08:29:35 AM CEST 2025: Operation cancelled by user.
Fri Oct 10 08:29:35 AM CEST 2025: Set UFW default policy: deny incoming was skipped by user choice.
Fri Oct 10 08:29:35 AM CEST 2025: Attempting to run: Set UFW default policy: allow outgoing
Fri Oct 10 08:29:35 AM CEST 2025: Operation cancelled by user.
Fri Oct 10 08:29:35 AM CEST 2025: Set UFW default policy: allow outgoing was skipped by user choice.
Fri Oct 10 08:29:35 AM CEST 2025: Attempting to run: Enable UFW firewall
Fri Oct 10 08:29:35 AM CEST 2025: Operation cancelled by user.
Fri Oct 10 08:29:35 AM CEST 2025: Enable UFW firewall was skipped by user choice.
Fri Oct 10 08:29:35 AM CEST 2025: Attempting to run: Enable UFW to start on boot
Fri Oct 10 08:29:35 AM CEST 2025: Operation cancelled by user.
Fri Oct 10 08:29:35 AM CEST 2025: Enable UFW to start on boot was skipped by user choice.
Fri Oct 10 08:29:35 AM CEST 2025: Attempting to run: Set default shell to zsh for user manu
Fri Oct 10 08:29:36 AM CEST 2025: Operation cancelled by user.
Fri Oct 10 08:29:36 AM CEST 2025: Set default shell to zsh for user manu was skipped by user choice.
Fri Oct 10 08:29:36 AM CEST 2025: Attempting to run: Install Oh My Zsh for user manu
Fri Oct 10 08:29:36 AM CEST 2025: Operation cancelled by user.
Fri Oct 10 08:29:36 AM CEST 2025: Install Oh My Zsh for user manu was skipped by user choice.
Fri Oct 10 08:29:36 AM CEST 2025: Attempting to run: Clone LazyVim starter
Fri Oct 10 08:29:37 AM CEST 2025: Operation cancelled by user.
Fri Oct 10 08:29:37 AM CEST 2025: Clone LazyVim starter was skipped by user choice.
Fri Oct 10 08:29:37 AM CEST 2025: Attempting to run: Remove Git folder from LazyVim config
Fri Oct 10 08:29:37 AM CEST 2025: Operation cancelled by user.
Fri Oct 10 08:29:37 AM CEST 2025: Remove Git folder from LazyVim config was skipped by user choice.
Fri Oct 10 08:29:37 AM CEST 2025: Attempting to run: Set correct ownership for Neovim config
Fri Oct 10 08:29:38 AM CEST 2025: Operation cancelled by user.
Fri Oct 10 08:29:38 AM CEST 2025: Set correct ownership for Neovim config was skipped by user choice.
Fri Oct 10 08:29:38 AM CEST 2025: Attempting to run: Copy pacman.conf to /etc for manu user
Fri Oct 10 08:29:39 AM CEST 2025: Operation cancelled by user.
Fri Oct 10 08:29:39 AM CEST 2025: Copy pacman.conf to /etc for manu user was skipped by user choice.
Fri Oct 10 08:29:39 AM CEST 2025: Attempting to run: Create TT1 directory
Fri Oct 10 08:29:39 AM CEST 2025: Operation cancelled by user.
Fri Oct 10 08:29:39 AM CEST 2025: Create TT1 directory was skipped by user choice.
Fri Oct 10 08:29:39 AM CEST 2025: Attempting to run: Copy override.conf
Fri Oct 10 08:29:40 AM CEST 2025: Operation cancelled by user.
Fri Oct 10 08:29:40 AM CEST 2025: Copy override.conf was skipped by user choice.
Fri Oct 10 08:29:40 AM CEST 2025: Attempting to run: Copy zprofile configuration
Fri Oct 10 08:29:40 AM CEST 2025: Operation cancelled by user.
Fri Oct 10 08:29:40 AM CEST 2025: Copy zprofile configuration was skipped by user choice.
Fri Oct 10 08:29:40 AM CEST 2025: Attempting to run: Copy Starship configuration
Fri Oct 10 08:29:41 AM CEST 2025: Operation cancelled by user.
Fri Oct 10 08:29:41 AM CEST 2025: Copy Starship configuration was skipped by user choice.
Fri Oct 10 08:29:41 AM CEST 2025: Attempting to run: Copy Chromium flags configuration
Fri Oct 10 08:29:42 AM CEST 2025: Operation cancelled by user.
Fri Oct 10 08:29:42 AM CEST 2025: Copy Chromium flags configuration was skipped by user choice.
Fri Oct 10 08:29:42 AM CEST 2025: Attempting to run: Create wallpapers directory
Fri Oct 10 08:29:43 AM CEST 2025: Operation cancelled by user.
Fri Oct 10 08:29:43 AM CEST 2025: Create wallpapers directory was skipped by user choice.
Fri Oct 10 08:29:43 AM CEST 2025: Attempting to run: Copy the wallpaper to wallpapers directory
Fri Oct 10 08:29:44 AM CEST 2025: Operation cancelled by user.
Fri Oct 10 08:29:44 AM CEST 2025: Copy the wallpaper to wallpapers directory was skipped by user choice.
Fri Oct 10 08:29:44 AM CEST 2025: Attempting to run: Set correct ownership for wallpapers directory
Fri Oct 10 08:29:45 AM CEST 2025: Operation cancelled by user.
Fri Oct 10 08:29:45 AM CEST 2025: Set correct ownership for wallpapers directory was skipped by user choice.
Fri Oct 10 08:29:45 AM CEST 2025: Attempting to run: Create a .cache
Fri Oct 10 08:29:46 AM CEST 2025: Operation cancelled by user.
Fri Oct 10 08:29:46 AM CEST 2025: Create a .cache was skipped by user choice.
Fri Oct 10 08:29:46 AM CEST 2025: Attempting to run: Copy swww cache folder for wallpaper
Fri Oct 10 08:29:47 AM CEST 2025: Operation cancelled by user.
Fri Oct 10 08:29:47 AM CEST 2025: Copy swww cache folder for wallpaper was skipped by user choice.
Fri Oct 10 08:29:47 AM CEST 2025: Attempting to run: Set correct ownership on swww folder
Fri Oct 10 08:29:48 AM CEST 2025: Operation cancelled by user.
Fri Oct 10 08:29:48 AM CEST 2025: Set correct ownership on swww folder was skipped by user choice.
Fri Oct 10 08:29:48 AM CEST 2025: Attempting to run: Clone and build nautilus-open-any-terminal
Fri Oct 10 08:29:52 AM CEST 2025: Operation accepted by user.
Fri Oct 10 08:29:53 AM CEST 2025: Clone and build nautilus-open-any-terminal completed successfully.
Fri Oct 10 08:29:53 AM CEST 2025: Attempting to run: Install nautilus-open-any-terminal and cleanup
Fri Oct 10 08:30:03 AM CEST 2025: Operation accepted by user.
Fri Oct 10 08:30:05 AM CEST 2025: Install nautilus-open-any-terminal and cleanup completed successfully.
Fri Oct 10 08:30:05 AM CEST 2025: Attempting to run: Set kitty as default terminal for nautilus
Fri Oct 10 08:30:24 AM CEST 2025: Operation accepted by user.
Fri Oct 10 08:30:25 AM CEST 2025: Set kitty as default terminal for nautilus completed successfully.
Fri Oct 10 08:30:25 AM CEST 2025: Attempting to run: Setup and enable reflector timer
Fri Oct 10 08:30:31 AM CEST 2025: Operation accepted by user.
Fri Oct 10 08:30:34 AM CEST 2025: Setup and enable reflector timer completed successfully.
Fri Oct 10 08:30:34 AM CEST 2025: Attempting to run: Configure modules (BTRFS + Nvidia) and regenerate initramfs
Fri Oct 10 08:30:34 AM CEST 2025: Operation accepted by user.
Fri Oct 10 08:30:45 AM CEST 2025: Command failed: sudo sed -i '/^MODULES=/ s/)/ nvidia nvidia_modeset nvidia_uvm nvidia_drm)/' /etc/mkinitcpio.conf && sudo mkinitcpio -P
Fri Oct 10 08:30:47 AM CEST 2025: Operation cancelled by user.
Fri Oct 10 08:30:47 AM CEST 2025: Configure modules (BTRFS + Nvidia) and regenerate initramfs was not completed due to failure and user chose not to retry.
Fri Oct 10 08:30:47 AM CEST 2025: Attempting to run: Enable NVIDIA Modeset (KMS) for Wayland
Fri Oct 10 08:30:50 AM CEST 2025: Operation accepted by user.
Fri Oct 10 08:30:52 AM CEST 2025: Enable NVIDIA Modeset (KMS) for Wayland completed successfully.
Fri Oct 10 08:31:01 AM CEST 2025: Operation cancelled by user.
Fri Oct 10 08:31:01 AM CEST 2025: Installation completed successfully
