Wed Sep 10 10:09:14 AM CEST 2025: Installation started
Wed Sep 10 10:09:14 AM CEST 2025: Original user is manu
Wed Sep 10 10:09:14 AM CEST 2025: Arch Linux detected. Installation proceeding.
Wed Sep 10 10:09:16 AM CEST 2025: Operation accepted by user.
Wed Sep 10 10:09:16 AM CEST 2025: Installation started for prerequisites section
Wed Sep 10 10:09:16 AM CEST 2025: Attempting to run: Update package database and upgrade packages (Recommended)
Wed Sep 10 10:09:16 AM CEST 2025: Operation accepted by user.
Wed Sep 10 10:09:19 AM CEST 2025: Update package database and upgrade packages (Recommended) completed successfully.
Wed Sep 10 10:09:19 AM CEST 2025: Attempting to run: Install git and base-devel (needed for AUR and configs)
Wed Sep 10 10:09:19 AM CEST 2025: Operation accepted by user.
Wed Sep 10 10:09:20 AM CEST 2025: Install git and base-devel (needed for AUR and configs) completed successfully.
Wed Sep 10 10:09:20 AM CEST 2025: Attempting to run: Clone YAY (Must)/Breaks the script
Wed Sep 10 10:09:20 AM CEST 2025: Clone YAY (Must)/Breaks the script completed successfully.
Wed Sep 10 10:09:20 AM CEST 2025: Attempting to run: Build YAY (Must)/Breaks the script
Wed Sep 10 10:09:50 AM CEST 2025: Build YAY (Must)/Breaks the script completed successfully.
Wed Sep 10 10:09:50 AM CEST 2025: Attempting to run: Install Nvidia Open DKMS
Wed Sep 10 10:09:53 AM CEST 2025: Operation accepted by user.
Wed Sep 10 10:12:04 AM CEST 2025: Install Nvidia Open DKMS completed successfully.
Wed Sep 10 10:12:04 AM CEST 2025: Attempting to run: Install LACT for GPU
Wed Sep 10 10:12:07 AM CEST 2025: Operation accepted by user.
Wed Sep 10 10:12:15 AM CEST 2025: Install LACT for GPU completed successfully.
Wed Sep 10 10:12:15 AM CEST 2025: Attempting to run: Install complete audio stack (PipeWire + utilities)
Wed Sep 10 10:12:16 AM CEST 2025: Operation accepted by user.
Wed Sep 10 10:12:21 AM CEST 2025: Install complete audio stack (PipeWire + utilities) completed successfully.
Wed Sep 10 10:12:21 AM CEST 2025: Attempting to run: Installing Nerd Fonts and Symbols (Recommended)
Wed Sep 10 10:12:23 AM CEST 2025: Operation accepted by user.
Wed Sep 10 10:12:29 AM CEST 2025: Installing Nerd Fonts and Symbols (Recommended) completed successfully.
Wed Sep 10 10:12:29 AM CEST 2025: Attempting to run: Install and enable SDDM (Recommended)
Wed Sep 10 10:12:30 AM CEST 2025: Operation accepted by user.
Wed Sep 10 10:12:37 AM CEST 2025: Install and enable SDDM (Recommended) completed successfully.
Wed Sep 10 10:12:37 AM CEST 2025: Attempting to run: Install and enable NetworkManager (Recommended)
Wed Sep 10 10:12:38 AM CEST 2025: Operation accepted by user.
Wed Sep 10 10:12:41 AM CEST 2025: Install and enable NetworkManager (Recommended) completed successfully.
Wed Sep 10 10:12:41 AM CEST 2025: Attempting to run: Install and enable WPA supplicant
Wed Sep 10 10:12:43 AM CEST 2025: Operation accepted by user.
Wed Sep 10 10:12:43 AM CEST 2025: Install and enable WPA supplicant completed successfully.
Wed Sep 10 10:12:43 AM CEST 2025: Attempting to run: Install and enable Bluetooth (Recommended)
Wed Sep 10 10:12:44 AM CEST 2025: Operation accepted by user.
Wed Sep 10 10:12:48 AM CEST 2025: Install and enable Bluetooth (Recommended) completed successfully.
Wed Sep 10 10:12:48 AM CEST 2025: Attempting to run: Install complete application suite (browsers, media, development, system tools)
Wed Sep 10 10:12:54 AM CEST 2025: Operation accepted by user.
Wed Sep 10 10:13:41 AM CEST 2025: Install complete application suite (browsers, media, development, system tools) completed successfully.
Wed Sep 10 10:13:41 AM CEST 2025: Attempting to run: Copy btop folder
Wed Sep 10 10:13:44 AM CEST 2025: Operation accepted by user.
Wed Sep 10 10:13:44 AM CEST 2025: Copy btop folder completed successfully.
Wed Sep 10 10:13:44 AM CEST 2025: Attempting to run: Copy Cava folder
Wed Sep 10 10:13:45 AM CEST 2025: Operation accepted by user.
Wed Sep 10 10:13:45 AM CEST 2025: Copy Cava folder completed successfully.
Wed Sep 10 10:13:45 AM CEST 2025: Attempting to run: Copy Kitty Terminal folder
Wed Sep 10 10:13:45 AM CEST 2025: Operation accepted by user.
Wed Sep 10 10:13:45 AM CEST 2025: Copy Kitty Terminal folder completed successfully.
Wed Sep 10 10:13:45 AM CEST 2025: Attempting to run: Copy Fastfetch folder
Wed Sep 10 10:13:46 AM CEST 2025: Operation accepted by user.
Wed Sep 10 10:13:46 AM CEST 2025: Copy Fastfetch folder completed successfully.
Wed Sep 10 10:13:46 AM CEST 2025: Attempting to run: Copy Rofi config and set permissions
Wed Sep 10 10:13:46 AM CEST 2025: Operation accepted by user.
Wed Sep 10 10:13:46 AM CEST 2025: Copy Rofi config and set permissions completed successfully.
Wed Sep 10 10:13:46 AM CEST 2025: Attempting to run: Copy yazi folder
Wed Sep 10 10:13:47 AM CEST 2025: Operation accepted by user.
Wed Sep 10 10:13:47 AM CEST 2025: Copy yazi folder completed successfully.
Wed Sep 10 10:13:47 AM CEST 2025: Attempting to run: Copy bat folder
Wed Sep 10 10:13:48 AM CEST 2025: Operation accepted by user.
Wed Sep 10 10:13:48 AM CEST 2025: Copy bat folder completed successfully.
Wed Sep 10 10:13:48 AM CEST 2025: Attempting to run: Copy fzf folder
Wed Sep 10 10:13:49 AM CEST 2025: Operation accepted by user.
Wed Sep 10 10:13:49 AM CEST 2025: Copy fzf folder completed successfully.
Wed Sep 10 10:13:50 AM CEST 2025: Operation accepted by user.
Wed Sep 10 10:13:50 AM CEST 2025: Installation started for hypr section
Wed Sep 10 10:13:50 AM CEST 2025: Attempting to run: Install complete Hyprland ecosystem (core, session manager, wayland support, addons)
Wed Sep 10 10:13:55 AM CEST 2025: Operation accepted by user.
Wed Sep 10 10:14:03 AM CEST 2025: Install complete Hyprland ecosystem (core, session manager, wayland support, addons) completed successfully.
Wed Sep 10 10:14:03 AM CEST 2025: Attempting to run: Copy Dunst config
Wed Sep 10 10:14:05 AM CEST 2025: Operation accepted by user.
Wed Sep 10 10:14:05 AM CEST 2025: Copy Dunst config completed successfully.
Wed Sep 10 10:14:05 AM CEST 2025: Attempting to run: Copy Hyprland config folder (Must)
Wed Sep 10 10:14:06 AM CEST 2025: Operation accepted by user.
Wed Sep 10 10:14:06 AM CEST 2025: Copy Hyprland config folder (Must) completed successfully.
Wed Sep 10 10:14:06 AM CEST 2025: Attempting to run: Copy systemd config folder (Must)
Wed Sep 10 10:14:06 AM CEST 2025: Operation accepted by user.
Wed Sep 10 10:14:06 AM CEST 2025: Copy systemd config folder (Must) completed successfully.
Wed Sep 10 10:14:06 AM CEST 2025: Attempting to run: Copy UWSM config folder (Must)
Wed Sep 10 10:14:07 AM CEST 2025: Operation accepted by user.
Wed Sep 10 10:14:07 AM CEST 2025: Copy UWSM config folder (Must) completed successfully.
Wed Sep 10 10:14:09 AM CEST 2025: Operation accepted by user.
Wed Sep 10 10:14:09 AM CEST 2025: Installation started for utilities section
Wed Sep 10 10:14:09 AM CEST 2025: Attempting to run: Install Waybar and cliphist
Wed Sep 10 10:14:10 AM CEST 2025: Operation accepted by user.
Wed Sep 10 10:14:14 AM CEST 2025: Install Waybar and cliphist completed successfully.
Wed Sep 10 10:14:14 AM CEST 2025: Attempting to run: Install Tofi - Application Launcher
Wed Sep 10 10:14:26 AM CEST 2025: Operation accepted by user.
Wed Sep 10 10:14:40 AM CEST 2025: Install Tofi - Application Launcher completed successfully.
Wed Sep 10 10:14:40 AM CEST 2025: Attempting to run: Install SWWW for wallpaper management
Wed Sep 10 10:14:41 AM CEST 2025: Operation accepted by user.
Wed Sep 10 10:14:44 AM CEST 2025: Install SWWW for wallpaper management completed successfully.
Wed Sep 10 10:14:44 AM CEST 2025: Attempting to run: Install Wttrbar weather for waybar
Wed Sep 10 10:14:47 AM CEST 2025: Operation accepted by user.
Wed Sep 10 10:15:25 AM CEST 2025: Install Wttrbar weather for waybar completed successfully.
Wed Sep 10 10:15:25 AM CEST 2025: Attempting to run: Install Waypaper - Wallpaper tool
Wed Sep 10 10:15:28 AM CEST 2025: Operation accepted by user.
Wed Sep 10 10:15:52 AM CEST 2025: Install Waypaper - Wallpaper tool completed successfully.
Wed Sep 10 10:15:52 AM CEST 2025: Attempting to run: Install Gowall
Wed Sep 10 10:15:54 AM CEST 2025: Operation accepted by user.
Wed Sep 10 10:16:14 AM CEST 2025: Install Gowall completed successfully.
Wed Sep 10 10:16:14 AM CEST 2025: Attempting to run: Install Grimblast - Screenshot tool
Wed Sep 10 10:16:17 AM CEST 2025: Operation accepted by user.
Wed Sep 10 10:16:27 AM CEST 2025: Install Grimblast - Screenshot tool completed successfully.
Wed Sep 10 10:16:27 AM CEST 2025: Attempting to run: Install qView - Image Viewer
Wed Sep 10 10:16:30 AM CEST 2025: Operation accepted by user.
Wed Sep 10 10:18:22 AM CEST 2025: Install qView - Image Viewer completed successfully.
Wed Sep 10 10:18:22 AM CEST 2025: Attempting to run: Create applications folder and copy Neovim desktop files from assets
Wed Sep 10 10:18:26 AM CEST 2025: Operation accepted by user.
Wed Sep 10 10:18:26 AM CEST 2025: Create applications folder and copy Neovim desktop files from assets completed successfully.
Wed Sep 10 10:18:26 AM CEST 2025: Attempting to run: Copy Waybar config
Wed Sep 10 10:18:28 AM CEST 2025: Operation accepted by user.
Wed Sep 10 10:18:28 AM CEST 2025: Copy Waybar config completed successfully.
Wed Sep 10 10:18:28 AM CEST 2025: Attempting to run: Copy Tofi config(s)
Wed Sep 10 10:18:29 AM CEST 2025: Operation accepted by user.
Wed Sep 10 10:18:29 AM CEST 2025: Copy Tofi config(s) completed successfully.
Wed Sep 10 10:18:29 AM CEST 2025: Attempting to run: Copy Waypaper config
Wed Sep 10 10:18:29 AM CEST 2025: Operation accepted by user.
Wed Sep 10 10:18:29 AM CEST 2025: Copy Waypaper config completed successfully.
Wed Sep 10 10:18:30 AM CEST 2025: Operation accepted by user.
Wed Sep 10 10:18:30 AM CEST 2025: Installation started for theming + services setup
Wed Sep 10 10:18:30 AM CEST 2025: Attempting to run: Install nwg-look for GTK theme management
Wed Sep 10 10:18:31 AM CEST 2025: Operation accepted by user.
Wed Sep 10 10:18:32 AM CEST 2025: Install nwg-look for GTK theme management completed successfully.
Wed Sep 10 10:18:32 AM CEST 2025: Attempting to run: Install Qt5/Qt6 and Kvantum theme engines
Wed Sep 10 10:18:33 AM CEST 2025: Operation accepted by user.
Wed Sep 10 10:18:34 AM CEST 2025: Install Qt5/Qt6 and Kvantum theme engines completed successfully.
Wed Sep 10 10:18:34 AM CEST 2025: Attempting to run: Install Catppuccin Dark BL MB GTK theme
Wed Sep 10 10:18:35 AM CEST 2025: Operation accepted by user.
Wed Sep 10 10:18:35 AM CEST 2025: Install Catppuccin Dark BL MB GTK theme completed successfully.
Wed Sep 10 10:18:35 AM CEST 2025: Attempting to run: Install Tela Circle Dracula icon theme
Wed Sep 10 10:18:36 AM CEST 2025: Operation accepted by user.
Wed Sep 10 10:18:42 AM CEST 2025: Install Tela Circle Dracula icon theme completed successfully.
Wed Sep 10 10:18:42 AM CEST 2025: Attempting to run: Install Catppuccin Hyprcursor
Wed Sep 10 10:18:44 AM CEST 2025: Operation accepted by user.
Wed Sep 10 10:18:44 AM CEST 2025: Install Catppuccin Hyprcursor completed successfully.
Wed Sep 10 10:18:44 AM CEST 2025: Attempting to run: Install Catppuccin theme for Kvantum
Wed Sep 10 10:18:46 AM CEST 2025: Operation accepted by user.
Wed Sep 10 10:19:00 AM CEST 2025: Install Catppuccin theme for Kvantum completed successfully.
Wed Sep 10 10:19:00 AM CEST 2025: Attempting to run: Refresh font cache
Wed Sep 10 10:19:03 AM CEST 2025: Operation accepted by user.
Wed Sep 10 10:19:05 AM CEST 2025: Refresh font cache completed successfully.
Wed Sep 10 10:19:05 AM CEST 2025: Attempting to run: Rebuild bat syntax highlighting cache
Wed Sep 10 10:19:09 AM CEST 2025: Operation accepted by user.
Wed Sep 10 10:19:10 AM CEST 2025: Rebuild bat syntax highlighting cache completed successfully.
Wed Sep 10 10:19:10 AM CEST 2025: Attempting to run: Set UFW default policy: deny incoming
Wed Sep 10 10:19:13 AM CEST 2025: Operation accepted by user.
Wed Sep 10 10:19:13 AM CEST 2025: Set UFW default policy: deny incoming completed successfully.
Wed Sep 10 10:19:13 AM CEST 2025: Attempting to run: Set UFW default policy: allow outgoing
Wed Sep 10 10:19:14 AM CEST 2025: Operation accepted by user.
Wed Sep 10 10:19:14 AM CEST 2025: Set UFW default policy: allow outgoing completed successfully.
Wed Sep 10 10:19:14 AM CEST 2025: Attempting to run: Enable UFW firewall
Wed Sep 10 10:19:15 AM CEST 2025: Operation accepted by user.
Wed Sep 10 10:19:15 AM CEST 2025: Enable UFW firewall completed successfully.
Wed Sep 10 10:19:15 AM CEST 2025: Attempting to run: Set default shell to zsh for user manu
Wed Sep 10 10:19:20 AM CEST 2025: Operation accepted by user.
Wed Sep 10 10:19:22 AM CEST 2025: Set default shell to zsh for user manu completed successfully.
Wed Sep 10 10:19:22 AM CEST 2025: Attempting to run: Install Oh My Zsh for user manu
Wed Sep 10 10:19:27 AM CEST 2025: Operation accepted by user.
Wed Sep 10 10:19:29 AM CEST 2025: Install Oh My Zsh for user manu completed successfully.
Wed Sep 10 10:19:29 AM CEST 2025: Attempting to run: Clone LazyVim starter
Wed Sep 10 10:19:33 AM CEST 2025: Operation accepted by user.
Wed Sep 10 10:19:33 AM CEST 2025: Clone LazyVim starter completed successfully.
Wed Sep 10 10:19:33 AM CEST 2025: Attempting to run: Remove Git folder from LazyVim config
Wed Sep 10 10:19:35 AM CEST 2025: Operation accepted by user.
Wed Sep 10 10:19:35 AM CEST 2025: Remove Git folder from LazyVim config completed successfully.
Wed Sep 10 10:19:35 AM CEST 2025: Attempting to run: Set correct ownership for Neovim config
Wed Sep 10 10:19:39 AM CEST 2025: Operation accepted by user.
Wed Sep 10 10:19:39 AM CEST 2025: Set correct ownership for Neovim config completed successfully.
Wed Sep 10 10:19:41 AM CEST 2025: Operation accepted by user.
Wed Sep 10 10:19:41 AM CEST 2025: Final setup script started
Wed Sep 10 10:19:41 AM CEST 2025: Installation completed successfully
